VR Class/Library/Bee/Android/Prj/IL2CPP/Gradle/unityLibrary/build/intermediates/manifest_merge_blame_file/release/manifest-merger-blame-release-report.txt
1<?xml version="1.0" encoding="utf-8"?>
2<manifest xmlns:android="http://schemas.android.com/apk/res/android"
3    package="com.unity3d.player"
4    android:installLocation="auto"
5    android:versionCode="1"
6    android:versionName="0.1" >
7
8    <uses-sdk
9        android:minSdkVersion="29"
9-->src\main\AndroidManifest.xml
10        android:targetSdkVersion="30" />
10-->src\main\AndroidManifest.xml
11
12    <uses-feature
12-->src\main\AndroidManifest.xml:25:3-111
13        android:name="android.hardware.vr.headtracking"
13-->src\main\AndroidManifest.xml:25:17-64
14        android:required="true"
14-->src\main\AndroidManifest.xml:25:85-108
15        android:version="1" />
15-->src\main\AndroidManifest.xml:25:65-84
16    <uses-feature android:glEsVersion="0x00030000" />
16-->src\main\AndroidManifest.xml:26:3-52
16-->src\main\AndroidManifest.xml:26:17-49
17
18    <uses-permission android:name="android.permission.INTERNET" />
18-->src\main\AndroidManifest.xml:27:3-65
18-->src\main\AndroidManifest.xml:27:20-62
19    <uses-permission android:name="android.permission.RECORD_AUDIO" />
19-->src\main\AndroidManifest.xml:28:3-69
19-->src\main\AndroidManifest.xml:28:20-66
20    <uses-permission android:name="android.permission.MODIFY_AUDIO_SETTINGS" />
20-->src\main\AndroidManifest.xml:29:3-78
20-->src\main\AndroidManifest.xml:29:20-75
21
22    <uses-feature
22-->src\main\AndroidManifest.xml:30:3-87
23        android:name="android.hardware.microphone"
23-->src\main\AndroidManifest.xml:30:17-59
24        android:required="false" />
24-->src\main\AndroidManifest.xml:30:60-84
25    <uses-feature
25-->src\main\AndroidManifest.xml:31:3-88
26        android:name="android.hardware.touchscreen"
26-->src\main\AndroidManifest.xml:31:17-60
27        android:required="false" />
27-->src\main\AndroidManifest.xml:31:61-85
28    <uses-feature
28-->src\main\AndroidManifest.xml:32:3-99
29        android:name="android.hardware.touchscreen.multitouch"
29-->src\main\AndroidManifest.xml:32:17-71
30        android:required="false" />
30-->src\main\AndroidManifest.xml:32:72-96
31    <uses-feature
31-->src\main\AndroidManifest.xml:33:3-108
32        android:name="android.hardware.touchscreen.multitouch.distinct"
32-->src\main\AndroidManifest.xml:33:17-80
33        android:required="false" />
33-->src\main\AndroidManifest.xml:33:81-105
34
35    <application
35-->src\main\AndroidManifest.xml:3:3-24:17
36        android:allowBackup="false"
36-->src\main\AndroidManifest.xml:3:81-108
37        android:extractNativeLibs="true"
37-->src\main\AndroidManifest.xml:3:109-141
38        android:icon="@mipmap/app_icon"
38-->src\main\AndroidManifest.xml:3:49-80
39        android:label="@string/app_name"
39-->src\main\AndroidManifest.xml:3:16-48
40        android:networkSecurityConfig="@xml/network_sec_config" >
40-->src\main\AndroidManifest.xml:3:142-197
41        <activity
41-->src\main\AndroidManifest.xml:4:5-12:16
42            android:name="com.unity3d.player.UnityPlayerActivity"
42-->src\main\AndroidManifest.xml:4:80-133
43            android:configChanges="keyboard|keyboardHidden|navigation|orientation|screenLayout|screenSize|uiMode|density"
43-->src\main\AndroidManifest.xml:4:238-347
44            android:excludeFromRecents="true"
44-->src\main\AndroidManifest.xml:4:134-167
45            android:hardwareAccelerated="false"
45-->src\main\AndroidManifest.xml:4:383-418
46            android:launchMode="singleTask"
46-->src\main\AndroidManifest.xml:4:206-237
47            android:resizeableActivity="false"
47-->src\main\AndroidManifest.xml:4:348-382
48            android:screenOrientation="landscape"
48-->src\main\AndroidManifest.xml:4:168-205
49            android:theme="@android:style/Theme.Black.NoTitleBar.Fullscreen" >
49-->src\main\AndroidManifest.xml:4:15-79
50            <intent-filter>
50-->src\main\AndroidManifest.xml:5:7-9:23
51                <action android:name="android.intent.action.MAIN" />
51-->src\main\AndroidManifest.xml:6:9-61
51-->src\main\AndroidManifest.xml:6:17-58
52
53                <category android:name="android.intent.category.LAUNCHER" />
53-->src\main\AndroidManifest.xml:7:9-69
53-->src\main\AndroidManifest.xml:7:19-66
54                <category android:name="com.oculus.intent.category.VR" />
54-->src\main\AndroidManifest.xml:8:9-66
54-->src\main\AndroidManifest.xml:8:19-63
55            </intent-filter>
56
57            <meta-data
57-->src\main\AndroidManifest.xml:10:7-78
58                android:name="android.notch_support"
58-->src\main\AndroidManifest.xml:10:18-54
59                android:value="true" />
59-->src\main\AndroidManifest.xml:10:55-75
60            <meta-data
60-->src\main\AndroidManifest.xml:11:7-81
61                android:name="com.oculus.vr.focusaware"
61-->src\main\AndroidManifest.xml:11:18-57
62                android:value="true" />
62-->src\main\AndroidManifest.xml:11:58-78
63        </activity>
64
65        <meta-data
65-->src\main\AndroidManifest.xml:13:5-89
66            android:name="unityplayer.SkipPermissionsDialog"
66-->src\main\AndroidManifest.xml:13:16-64
67            android:value="false" />
67-->src\main\AndroidManifest.xml:13:65-86
68        <meta-data
68-->src\main\AndroidManifest.xml:14:5-97
69            android:name="com.samsung.android.vr.application.mode"
69-->src\main\AndroidManifest.xml:14:16-70
70            android:value="vr_only" />
70-->src\main\AndroidManifest.xml:14:71-94
71        <meta-data
71-->src\main\AndroidManifest.xml:15:5-69
72            android:name="unity.splash-mode"
72-->src\main\AndroidManifest.xml:15:16-48
73            android:value="0" />
73-->src\main\AndroidManifest.xml:15:49-66
74        <meta-data
74-->src\main\AndroidManifest.xml:16:5-74
75            android:name="unity.splash-enable"
75-->src\main\AndroidManifest.xml:16:16-50
76            android:value="True" />
76-->src\main\AndroidManifest.xml:16:51-71
77        <meta-data
77-->src\main\AndroidManifest.xml:17:5-78
78            android:name="unity.launch-fullscreen"
78-->src\main\AndroidManifest.xml:17:16-54
79            android:value="True" />
79-->src\main\AndroidManifest.xml:17:55-75
80        <meta-data
80-->src\main\AndroidManifest.xml:18:5-84
81            android:name="unity.allow-resizable-window"
81-->src\main\AndroidManifest.xml:18:16-59
82            android:value="False" />
82-->src\main\AndroidManifest.xml:18:60-81
83        <meta-data
83-->src\main\AndroidManifest.xml:19:5-81
84            android:name="notch.config"
84-->src\main\AndroidManifest.xml:19:16-43
85            android:value="portrait|landscape" />
85-->src\main\AndroidManifest.xml:19:44-78
86        <meta-data
86-->src\main\AndroidManifest.xml:20:5-91
87            android:name="com.unity.xr.oculus.LowOverheadMode"
87-->src\main\AndroidManifest.xml:20:16-66
88            android:value="false" />
88-->src\main\AndroidManifest.xml:20:67-88
89        <meta-data
89-->src\main\AndroidManifest.xml:21:5-88
90            android:name="com.unity.xr.oculus.LateLatching"
90-->src\main\AndroidManifest.xml:21:16-63
91            android:value="false" />
91-->src\main\AndroidManifest.xml:21:64-85
92        <meta-data
92-->src\main\AndroidManifest.xml:22:5-93
93            android:name="com.unity.xr.oculus.LateLatchingDebug"
93-->src\main\AndroidManifest.xml:22:16-68
94            android:value="false" />
94-->src\main\AndroidManifest.xml:22:69-90
95        <meta-data
95-->src\main\AndroidManifest.xml:23:5-90
96            android:name="com.oculus.supportedDevices"
96-->src\main\AndroidManifest.xml:23:16-58
97            android:value="quest|quest2" />
97-->src\main\AndroidManifest.xml:23:59-87
98    </application>
99
100</manifest>